  [1m[35m (347.3ms)[0m  [1m[35mCREATE DATABASE "likes_api_development" ENCODING = 'unicode'[0m
  [1m[35m (185.3ms)[0m  [1m[35mCREATE DATABASE "likes_api_test" ENCODING = 'unicode'[0m
  [1m[35m (27.3ms)[0m  [1m[35mCREATE TABLE "schema_migrations" ("version" character varying NOT NULL PRIMARY KEY)[0m
  [1m[35m (8.1ms)[0m  [1m[35mCREATE TABLE "ar_internal_metadata" ("key" character varying NOT NULL PRIMARY KEY, "value" character varying, "created_at" timestamp(6) NOT NULL, "updated_at" timestamp(6) NOT NULL)[0m
  [1m[35m (0.9ms)[0m  [1m[34mSELECT pg_try_advisory_lock(421428029630940255)[0m
  [1m[36mActiveRecord::SchemaMigration Pluck (0.6ms)[0m  [1m[34mSELECT "schema_migrations"."version" FROM "schema_migrations" ORDER BY "schema_migrations"."version" ASC[0m
Migrating to CreateLikes (20230106152059)
  [1m[36mTRANSACTION (0.2ms)[0m  [1m[35mBEGIN[0m
  [1m[35m (14.4ms)[0m  [1m[35mCREATE TABLE "likes" ("id" bigserial primary key, "user" character varying NOT NULL, "type" character varying NOT NULL, "type_id" integer NOT NULL, "upvote" boolean DEFAULT FALSE, "downvote" boolean DEFAULT FALSE, "created_at" timestamp(6) NOT NULL, "updated_at" timestamp(6) NOT NULL)[0m
  [1m[36mActiveRecord::SchemaMigration Create (2.8ms)[0m  [1m[32mINSERT INTO "schema_migrations" ("version") VALUES ($1) RETURNING "version"[0m  [["version", "20230106152059"]]
  [1m[36mTRANSACTION (1.3ms)[0m  [1m[35mCOMMIT[0m
  [1m[36mActiveRecord::InternalMetadata Load (0.9ms)[0m  [1m[34mSELECT "ar_internal_metadata".* FROM "ar_internal_metadata" WHERE "ar_internal_metadata"."key" = $1 LIMIT $2[0m  [["key", "environment"], ["LIMIT", 1]]
  [1m[36mTRANSACTION (0.2ms)[0m  [1m[35mBEGIN[0m
  [1m[36mActiveRecord::InternalMetadata Create (1.9ms)[0m  [1m[32mINSERT INTO "ar_internal_metadata" ("key", "value", "created_at", "updated_at") VALUES ($1, $2, $3, $4) RETURNING "key"[0m  [["key", "environment"], ["value", "development"], ["created_at", "2023-01-06 15:29:42.205744"], ["updated_at", "2023-01-06 15:29:42.205744"]]
  [1m[36mTRANSACTION (1.1ms)[0m  [1m[35mCOMMIT[0m
  [1m[35m (0.2ms)[0m  [1m[34mSELECT pg_advisory_unlock(421428029630940255)[0m
  [1m[36mActiveRecord::SchemaMigration Pluck (0.7ms)[0m  [1m[34mSELECT "schema_migrations"."version" FROM "schema_migrations" ORDER BY "schema_migrations"."version" ASC[0m
  [1m[36mLike Load (3.1ms)[0m  [1m[34mSELECT "likes".* FROM "likes" WHERE (user=Jamal AND type=Review AND type_id=12)[0m
  [1m[36mLike Load (1.3ms)[0m  [1m[34mSELECT "likes".* FROM "likes" WHERE (user=Jamal AND type=Review AND type_id=12) /* loading for inspect */ LIMIT $1[0m  [["LIMIT", 11]]
  [1m[36mLike Load (9.9ms)[0m  [1m[34mSELECT "likes".* FROM "likes" WHERE (user= 'Jamal' AND type= 'Review' AND type_id= 12)[0m
  [1m[36mActiveRecord::SchemaMigration Pluck (0.5ms)[0m  [1m[34mSELECT "schema_migrations"."version" FROM "schema_migrations" ORDER BY "schema_migrations"."version" ASC[0m
  [1m[36mActiveRecord::SchemaMigration Pluck (0.3ms)[0m  [1m[34mSELECT "schema_migrations"."version" FROM "schema_migrations" ORDER BY "schema_migrations"."version" ASC[0m
  [1m[36mActiveRecord::SchemaMigration Pluck (0.3ms)[0m  [1m[34mSELECT "schema_migrations"."version" FROM "schema_migrations" ORDER BY "schema_migrations"."version" ASC[0m
  [1m[36mActiveRecord::InternalMetadata Pluck (0.4ms)[0m  [1m[34mSELECT "ar_internal_metadata"."value" FROM "ar_internal_metadata" WHERE "ar_internal_metadata"."key" = $1 LIMIT $2[0m  [["key", "environment"], ["LIMIT", 1]]
  [1m[36mActiveRecord::SchemaMigration Pluck (0.1ms)[0m  [1m[34mSELECT "schema_migrations"."version" FROM "schema_migrations" ORDER BY "schema_migrations"."version" ASC[0m
  [1m[36mActiveRecord::InternalMetadata Pluck (0.1ms)[0m  [1m[34mSELECT "ar_internal_metadata"."value" FROM "ar_internal_metadata" WHERE "ar_internal_metadata"."key" = $1 LIMIT $2[0m  [["key", "environment"], ["LIMIT", 1]]
  [1m[36mActiveRecord::SchemaMigration Pluck (0.1ms)[0m  [1m[34mSELECT "schema_migrations"."version" FROM "schema_migrations" ORDER BY "schema_migrations"."version" ASC[0m
  [1m[36mActiveRecord::InternalMetadata Pluck (0.2ms)[0m  [1m[34mSELECT "ar_internal_metadata"."value" FROM "ar_internal_metadata" WHERE "ar_internal_metadata"."key" = $1 LIMIT $2[0m  [["key", "environment"], ["LIMIT", 1]]
  [1m[35m (56.4ms)[0m  [1m[35mDROP DATABASE IF EXISTS "likes_api_development"[0m
  [1m[35m (39.0ms)[0m  [1m[35mDROP DATABASE IF EXISTS "likes_api_test"[0m
  [1m[35m (190.3ms)[0m  [1m[35mCREATE DATABASE "likes_api_development" ENCODING = 'unicode'[0m
  [1m[35m (69.3ms)[0m  [1m[35mCREATE DATABASE "likes_api_test" ENCODING = 'unicode'[0m
  [1m[35m (18.9ms)[0m  [1m[35mCREATE TABLE "schema_migrations" ("version" character varying NOT NULL PRIMARY KEY)[0m
  [1m[35m (5.8ms)[0m  [1m[35mCREATE TABLE "ar_internal_metadata" ("key" character varying NOT NULL PRIMARY KEY, "value" character varying, "created_at" timestamp(6) NOT NULL, "updated_at" timestamp(6) NOT NULL)[0m
  [1m[35m (0.2ms)[0m  [1m[34mSELECT pg_try_advisory_lock(421428029630940255)[0m
  [1m[36mActiveRecord::SchemaMigration Pluck (0.3ms)[0m  [1m[34mSELECT "schema_migrations"."version" FROM "schema_migrations" ORDER BY "schema_migrations"."version" ASC[0m
Migrating to CreateLikes (20230106152059)
  [1m[36mTRANSACTION (0.3ms)[0m  [1m[35mBEGIN[0m
  [1m[35m (10.3ms)[0m  [1m[35mCREATE TABLE "likes" ("id" bigserial primary key, "user" character varying NOT NULL, "item_type" character varying NOT NULL, "item_id" integer NOT NULL, "upvote" boolean DEFAULT FALSE, "downvote" boolean DEFAULT FALSE, "created_at" timestamp(6) NOT NULL, "updated_at" timestamp(6) NOT NULL)[0m
  [1m[36mActiveRecord::SchemaMigration Create (0.9ms)[0m  [1m[32mINSERT INTO "schema_migrations" ("version") VALUES ($1) RETURNING "version"[0m  [["version", "20230106152059"]]
  [1m[36mTRANSACTION (3.0ms)[0m  [1m[35mCOMMIT[0m
  [1m[36mActiveRecord::InternalMetadata Load (0.4ms)[0m  [1m[34mSELECT "ar_internal_metadata".* FROM "ar_internal_metadata" WHERE "ar_internal_metadata"."key" = $1 LIMIT $2[0m  [["key", "environment"], ["LIMIT", 1]]
  [1m[36mTRANSACTION (0.2ms)[0m  [1m[35mBEGIN[0m
  [1m[36mActiveRecord::InternalMetadata Create (2.6ms)[0m  [1m[32mINSERT INTO "ar_internal_metadata" ("key", "value", "created_at", "updated_at") VALUES ($1, $2, $3, $4) RETURNING "key"[0m  [["key", "environment"], ["value", "development"], ["created_at", "2023-01-06 16:29:46.088817"], ["updated_at", "2023-01-06 16:29:46.088817"]]
  [1m[36mTRANSACTION (0.8ms)[0m  [1m[35mCOMMIT[0m
  [1m[35m (0.5ms)[0m  [1m[34mSELECT pg_advisory_unlock(421428029630940255)[0m
  [1m[36mActiveRecord::SchemaMigration Pluck (0.4ms)[0m  [1m[34mSELECT "schema_migrations"."version" FROM "schema_migrations" ORDER BY "schema_migrations"."version" ASC[0m
  [1m[36mActiveRecord::SchemaMigration Pluck (0.4ms)[0m  [1m[34mSELECT "schema_migrations"."version" FROM "schema_migrations" ORDER BY "schema_migrations"."version" ASC[0m
  [1m[36mActiveRecord::SchemaMigration Pluck (0.3ms)[0m  [1m[34mSELECT "schema_migrations"."version" FROM "schema_migrations" ORDER BY "schema_migrations"."version" ASC[0m
  [1m[36mTRANSACTION (0.2ms)[0m  [1m[35mBEGIN[0m
  [1m[36mLike Create (0.7ms)[0m  [1m[32mINSERT INTO "likes" ("user", "item_type", "item_id", "upvote", "downvote", "created_at", "updated_at") VALUES ($1, $2, $3, $4, $5, $6, $7) RETURNING "id"[0m  [["user", "Jamal"], ["item_type", "Review"], ["item_id", 12], ["upvote", true], ["downvote", false], ["created_at", "2023-01-06 16:30:49.526605"], ["updated_at", "2023-01-06 16:30:49.526605"]]
  [1m[36mTRANSACTION (0.6ms)[0m  [1m[35mCOMMIT[0m
  [1m[36mTRANSACTION (0.1ms)[0m  [1m[35mBEGIN[0m
  [1m[36mLike Create (0.3ms)[0m  [1m[32mINSERT INTO "likes" ("user", "item_type", "item_id", "upvote", "downvote", "created_at", "updated_at") VALUES ($1, $2, $3, $4, $5, $6, $7) RETURNING "id"[0m  [["user", "Jarret"], ["item_type", "Review"], ["item_id", 12], ["upvote", true], ["downvote", false], ["created_at", "2023-01-06 16:30:49.531886"], ["updated_at", "2023-01-06 16:30:49.531886"]]
  [1m[36mTRANSACTION (0.8ms)[0m  [1m[35mCOMMIT[0m
  [1m[36mTRANSACTION (0.1ms)[0m  [1m[35mBEGIN[0m
  [1m[36mLike Create (0.2ms)[0m  [1m[32mINSERT INTO "likes" ("user", "item_type", "item_id", "upvote", "downvote", "created_at", "updated_at") VALUES ($1, $2, $3, $4, $5, $6, $7) RETURNING "id"[0m  [["user", "David"], ["item_type", "Review"], ["item_id", 12], ["upvote", true], ["downvote", false], ["created_at", "2023-01-06 16:30:49.539694"], ["updated_at", "2023-01-06 16:30:49.539694"]]
  [1m[36mTRANSACTION (1.6ms)[0m  [1m[35mCOMMIT[0m
  [1m[36mTRANSACTION (0.1ms)[0m  [1m[35mBEGIN[0m
  [1m[36mLike Create (0.2ms)[0m  [1m[32mINSERT INTO "likes" ("user", "item_type", "item_id", "upvote", "downvote", "created_at", "updated_at") VALUES ($1, $2, $3, $4, $5, $6, $7) RETURNING "id"[0m  [["user", "Aldane"], ["item_type", "Forum"], ["item_id", 1], ["upvote", true], ["downvote", false], ["created_at", "2023-01-06 16:30:49.547907"], ["updated_at", "2023-01-06 16:30:49.547907"]]
  [1m[36mTRANSACTION (1.0ms)[0m  [1m[35mCOMMIT[0m
  [1m[36mTRANSACTION (0.2ms)[0m  [1m[35mBEGIN[0m
  [1m[36mLike Create (0.6ms)[0m  [1m[32mINSERT INTO "likes" ("user", "item_type", "item_id", "upvote", "downvote", "created_at", "updated_at") VALUES ($1, $2, $3, $4, $5, $6, $7) RETURNING "id"[0m  [["user", "Aviel"], ["item_type", "Forum"], ["item_id", 1], ["upvote", false], ["downvote", true], ["created_at", "2023-01-06 16:30:49.553469"], ["updated_at", "2023-01-06 16:30:49.553469"]]
  [1m[36mTRANSACTION (1.4ms)[0m  [1m[35mCOMMIT[0m
  [1m[36mLike Load (0.5ms)[0m  [1m[34mSELECT "likes".* FROM "likes" WHERE (user= 'Jamal' AND type= 'Review' AND type_id= 12)[0m
  [1m[36mLike Load (0.5ms)[0m  [1m[34mSELECT "likes".* FROM "likes" WHERE (user= 'Jamal' AND type= 'Review' AND type_id= 12) /* loading for inspect */ LIMIT $1[0m  [["LIMIT", 11]]
  [1m[36mLike Load (0.7ms)[0m  [1m[34mSELECT "likes".* FROM "likes" WHERE (user= 'Jamal' AND type= 'Review' AND type_id= 12) LIMIT $1[0m  [["LIMIT", 1]]
  [1m[36mLike Load (0.7ms)[0m  [1m[34mSELECT "likes".* FROM "likes" WHERE (user= 'Jamal' AND type= 'Review' AND type_id= 12)[0m
  [1m[36mLike Load (0.6ms)[0m  [1m[34mSELECT "likes".* FROM "likes" WHERE (user= 'Jamal' AND type= 'Review' AND type_id= 12)[0m
  [1m[36mLike Load (0.5ms)[0m  [1m[34mSELECT "likes".* FROM "likes" WHERE (user= 'Jamal' AND type= 'Review' AND type_id= 12) /* loading for inspect */ LIMIT $1[0m  [["LIMIT", 11]]
  [1m[36mLike Load (0.7ms)[0m  [1m[34mSELECT "likes".* FROM "likes"[0m
  [1m[36mLike Load (2.4ms)[0m  [1m[34mSELECT "likes".* FROM "likes" WHERE (user= 'Jamal' AND type= 'Review' AND type_id= 12)[0m
  [1m[36mLike Load (9.0ms)[0m  [1m[34mSELECT "likes".* FROM "likes" WHERE (user= 'Jamal' AND type= 'Review' AND type_id= 12) /* loading for inspect */ LIMIT $1[0m  [["LIMIT", 11]]
  [1m[36mLike Load (1.2ms)[0m  [1m[34mSELECT "likes".* FROM "likes" WHERE (user= 'Jamal' AND item_type= 'Review' AND item_id= 12)[0m
  [1m[36mLike Load (0.2ms)[0m  [1m[34mSELECT "likes".* FROM "likes" WHERE "likes"."user" = $1[0m  [["user", "Jamal"]]
  [1m[36mLike Load (0.3ms)[0m  [1m[34mSELECT "likes".* FROM "likes" WHERE "likes"."item_type" = $1[0m  [["item_type", "Review"]]
  [1m[36mLike Load (0.5ms)[0m  [1m[34mSELECT "likes".* FROM "likes" WHERE "likes"."item_id" = $1[0m  [["item_id", 12]]
  [1m[36mLike Load (0.4ms)[0m  [1m[34mSELECT "likes".* FROM "likes" WHERE (user= 'Jamal' AND item_type= 'Review' AND item_id= 12)[0m
  [1m[36mLike Load (0.6ms)[0m  [1m[34mSELECT "likes".* FROM "likes" WHERE (likes.user= 'Jamal' AND item_type= 'Review' AND item_id= 12)[0m
  [1m[36mLike Load (0.5ms)[0m  [1m[34mSELECT "likes".* FROM "likes" WHERE (likes.user= 'Jamal' AND item_type= 'Review' AND item_id= 12) LIMIT $1[0m  [["LIMIT", 1]]
Started GET "/api/likes/" for ::1 at 2023-01-06 11:51:46 -0500
  [1m[36mActiveRecord::SchemaMigration Pluck (0.3ms)[0m  [1m[34mSELECT "schema_migrations"."version" FROM "schema_migrations" ORDER BY "schema_migrations"."version" ASC[0m
  
ActionController::RoutingError (No route matches [GET] "/api/likes"):
  
Started GET "/api/likes/" for ::1 at 2023-01-06 11:54:46 -0500
  
ActionController::RoutingError (No route matches [GET] "/api/likes"):
  
Started GET "/api/likes/" for ::1 at 2023-01-06 11:54:54 -0500
  
ActionController::RoutingError (No route matches [GET] "/api/likes"):
  
Started GET "/api/likes/" for ::1 at 2023-01-06 11:56:03 -0500
  [1m[36mActiveRecord::SchemaMigration Pluck (0.3ms)[0m  [1m[34mSELECT "schema_migrations"."version" FROM "schema_migrations" ORDER BY "schema_migrations"."version" ASC[0m
Processing by Api::LikesController#index as */*
  Parameters: {"username"=>"Aldane", "password"=>"[FILTERED]", "session_token_input"=>"[FILTERED]"}
  [1m[36mLike Load (0.5ms)[0m  [1m[34mSELECT "likes".* FROM "likes"[0m
  ↳ app/controllers/api/likes_controller.rb:10:in `index'
Completed 200 OK in 124ms (Views: 13.0ms | ActiveRecord: 3.8ms | Allocations: 38463)


Started GET "/api/likes/12?item_type=Review" for ::1 at 2023-01-06 11:56:48 -0500
Processing by Api::LikesController#show as */*
  Parameters: {"username"=>"Aldane", "password"=>"[FILTERED]", "session_token_input"=>"[FILTERED]", "item_type"=>"Review", "id"=>"12"}
[31mUnpermitted parameters: :username, :password, :session_token_input. Context: { controller: Api::LikesController, action: show, request: #<ActionDispatch::Request:0x00007ff508018f10>, params: {"username"=>"Aldane", "password"=>"[FILTERED]", "session_token_input"=>"[FILTERED]", "item_type"=>"Review", "controller"=>"api/likes", "action"=>"show", "id"=>"12"} }[0m
[31mUnpermitted parameters: :username, :password, :session_token_input. Context: { controller: Api::LikesController, action: show, request: #<ActionDispatch::Request:0x00007ff508018f10>, params: {"username"=>"Aldane", "password"=>"[FILTERED]", "session_token_input"=>"[FILTERED]", "item_type"=>"Review", "controller"=>"api/likes", "action"=>"show", "id"=>"12"} }[0m
  [1m[36mLike Load (0.5ms)[0m  [1m[34mSELECT "likes".* FROM "likes" WHERE (item_type= 'Review' AND item_id = '12')[0m
  ↳ app/controllers/api/likes_controller.rb:44:in `show'
Completed 200 OK in 6ms (Views: 0.8ms | ActiveRecord: 0.5ms | Allocations: 1196)


Started GET "/api/likes/1?item_type=Forum" for ::1 at 2023-01-06 11:57:00 -0500
Processing by Api::LikesController#show as */*
  Parameters: {"username"=>"Aldane", "password"=>"[FILTERED]", "session_token_input"=>"[FILTERED]", "item_type"=>"Forum", "id"=>"1"}
[31mUnpermitted parameters: :username, :password, :session_token_input. Context: { controller: Api::LikesController, action: show, request: #<ActionDispatch::Request:0x00007ff4fc008888>, params: {"username"=>"Aldane", "password"=>"[FILTERED]", "session_token_input"=>"[FILTERED]", "item_type"=>"Forum", "controller"=>"api/likes", "action"=>"show", "id"=>"1"} }[0m
[31mUnpermitted parameters: :username, :password, :session_token_input. Context: { controller: Api::LikesController, action: show, request: #<ActionDispatch::Request:0x00007ff4fc008888>, params: {"username"=>"Aldane", "password"=>"[FILTERED]", "session_token_input"=>"[FILTERED]", "item_type"=>"Forum", "controller"=>"api/likes", "action"=>"show", "id"=>"1"} }[0m
  [1m[36mLike Load (0.3ms)[0m  [1m[34mSELECT "likes".* FROM "likes" WHERE (item_type= 'Forum' AND item_id = '1')[0m
  ↳ app/controllers/api/likes_controller.rb:44:in `show'
Completed 200 OK in 4ms (Views: 0.3ms | ActiveRecord: 0.3ms | Allocations: 1071)


Started GET "/api/likes/1?item_type=Forums" for ::1 at 2023-01-06 11:57:07 -0500
Processing by Api::LikesController#show as */*
  Parameters: {"username"=>"Aldane", "password"=>"[FILTERED]", "session_token_input"=>"[FILTERED]", "item_type"=>"Forums", "id"=>"1"}
[31mUnpermitted parameters: :username, :password, :session_token_input. Context: { controller: Api::LikesController, action: show, request: #<ActionDispatch::Request:0x00007ff500ffa440>, params: {"username"=>"Aldane", "password"=>"[FILTERED]", "session_token_input"=>"[FILTERED]", "item_type"=>"Forums", "controller"=>"api/likes", "action"=>"show", "id"=>"1"} }[0m
[31mUnpermitted parameters: :username, :password, :session_token_input. Context: { controller: Api::LikesController, action: show, request: #<ActionDispatch::Request:0x00007ff500ffa440>, params: {"username"=>"Aldane", "password"=>"[FILTERED]", "session_token_input"=>"[FILTERED]", "item_type"=>"Forums", "controller"=>"api/likes", "action"=>"show", "id"=>"1"} }[0m
  [1m[36mLike Load (0.3ms)[0m  [1m[34mSELECT "likes".* FROM "likes" WHERE (item_type= 'Forums' AND item_id = '1')[0m
  ↳ app/controllers/api/likes_controller.rb:44:in `show'
Completed 200 OK in 4ms (Views: 0.2ms | ActiveRecord: 0.3ms | Allocations: 848)


Started PATCH "/api/likes/28" for ::1 at 2023-01-06 13:45:00 -0500
Processing by Api::LikesController#update as */*
  Parameters: {"like_action"=>"{\"id\":28,\"recipient\":\"Serge\",\"action\":\"like\",\"net\":0,\"action_user\":\"Aldane\",\"target_item\":\"Review\"}", "id"=>"28"}
  [1m[36mLike Load (4.7ms)[0m  [1m[34mSELECT "likes".* FROM "likes" WHERE (likes.user= 'Aldane' AND item_type= 'Review' AND item_id = '28') LIMIT $1[0m  [["LIMIT", 1]]
  ↳ app/controllers/api/likes_controller.rb:63:in `update'
Completed 200 OK in 84ms (Views: 1.4ms | ActiveRecord: 23.7ms | Allocations: 4599)


Started DELETE "/api/likes/28" for ::1 at 2023-01-06 13:45:53 -0500
Processing by Api::LikesController#destroy as */*
  Parameters: {"like_action"=>"{\"id\":28,\"recipient\":\"Serge\",\"action\":\"neutral\",\"net\":1,\"action_user\":\"Aldane\",\"target_item\":\"Review\"}", "id"=>"28"}
  [1m[36mLike Load (1.1ms)[0m  [1m[34mSELECT "likes".* FROM "likes" WHERE (likes.user= 'Aldane' AND item_type= 'Review' AND item_id = '28') LIMIT $1[0m  [["LIMIT", 1]]
  ↳ app/controllers/api/likes_controller.rb:90:in `destroy'
Completed 200 OK in 6ms (Views: 0.4ms | ActiveRecord: 1.1ms | Allocations: 710)


Started PATCH "/api/likes/28" for ::1 at 2023-01-06 13:46:28 -0500
Processing by Api::LikesController#update as */*
  Parameters: {"like_action"=>"{\"id\":28,\"recipient\":\"Serge\",\"action\":\"like\",\"net\":0,\"action_user\":\"Aldane\",\"target_item\":\"Review\"}", "id"=>"28"}
  [1m[36mLike Load (0.4ms)[0m  [1m[34mSELECT "likes".* FROM "likes" WHERE (likes.user= 'Aldane' AND item_type= 'Review' AND item_id = '28') LIMIT $1[0m  [["LIMIT", 1]]
  ↳ app/controllers/api/likes_controller.rb:63:in `update'
Completed 200 OK in 4ms (Views: 0.2ms | ActiveRecord: 0.4ms | Allocations: 712)


Started DELETE "/api/likes/28" for ::1 at 2023-01-06 13:48:57 -0500
Processing by Api::LikesController#destroy as */*
  Parameters: {"like_action"=>"{\"id\":28,\"recipient\":\"Serge\",\"action\":\"neutral\",\"net\":1,\"action_user\":\"Aldane\",\"target_item\":\"Review\"}", "id"=>"28"}
  [1m[36mLike Load (0.7ms)[0m  [1m[34mSELECT "likes".* FROM "likes" WHERE (likes.user= 'Aldane' AND item_type= 'Review' AND item_id = '28') LIMIT $1[0m  [["LIMIT", 1]]
  ↳ app/controllers/api/likes_controller.rb:90:in `destroy'
Completed 200 OK in 6ms (Views: 0.1ms | ActiveRecord: 0.7ms | Allocations: 728)


Started POST "/api/likes/" for ::1 at 2023-01-06 13:49:11 -0500
Processing by Api::LikesController#create as */*
  Parameters: {"like_action"=>"{\"id\":28,\"recipient\":\"Serge\",\"action\":\"like\",\"net\":0,\"action_user\":\"Aldane\",\"target_item\":\"Review\"}"}
Completed 500 Internal Server Error in 42ms (ActiveRecord: 0.0ms | Allocations: 2476)



ActiveModel::UnknownAttributeError - unknown attribute 'type' for Like.:
  app/controllers/api/likes_controller.rb:21:in `create'

Started POST "/api/likes/" for ::1 at 2023-01-06 13:55:00 -0500
Processing by Api::LikesController#create as */*
  Parameters: {"like_action"=>"{\"id\":28,\"recipient\":\"Serge\",\"action\":\"like\",\"net\":0,\"action_user\":\"Aldane\",\"target_item\":\"Review\"}"}
Completed 200 OK in 45ms (Views: 0.8ms | ActiveRecord: 13.5ms | Allocations: 2747)


Started POST "/api/likes/" for ::1 at 2023-01-06 13:55:37 -0500
Processing by Api::LikesController#create as */*
  Parameters: {"like_action"=>"{\"id\":28,\"recipient\":\"Serge\",\"action\":\"like\",\"net\":0,\"action_user\":\"Aldane\",\"target_item\":\"Review\"}"}
  [1m[36mTRANSACTION (0.2ms)[0m  [1m[35mBEGIN[0m
  ↳ app/controllers/api/likes_controller.rb:34:in `create'
  [1m[36mLike Create (2.7ms)[0m  [1m[32mINSERT INTO "likes" ("user", "item_type", "item_id", "upvote", "downvote", "created_at", "updated_at") VALUES ($1, $2, $3, $4, $5, $6, $7) RETURNING "id"[0m  [["user", "Aldane"], ["item_type", "Review"], ["item_id", 28], ["upvote", true], ["downvote", false], ["created_at", "2023-01-06 18:55:37.913295"], ["updated_at", "2023-01-06 18:55:37.913295"]]
  ↳ app/controllers/api/likes_controller.rb:34:in `create'
  [1m[36mTRANSACTION (1.2ms)[0m  [1m[35mCOMMIT[0m
  ↳ app/controllers/api/likes_controller.rb:34:in `create'
Completed 200 OK in 55ms (Views: 0.4ms | ActiveRecord: 5.9ms | Allocations: 5189)


Started DELETE "/api/likes/28" for ::1 at 2023-01-06 13:56:03 -0500
Processing by Api::LikesController#destroy as */*
  Parameters: {"like_action"=>"{\"id\":28,\"recipient\":\"Serge\",\"action\":\"neutral\",\"net\":1,\"action_user\":\"Aldane\",\"target_item\":\"Review\"}", "id"=>"28"}
  [1m[36mLike Load (0.6ms)[0m  [1m[34mSELECT "likes".* FROM "likes" WHERE (likes.user= 'Aldane' AND item_type= 'Review' AND item_id = '28') LIMIT $1[0m  [["LIMIT", 1]]
  ↳ app/controllers/api/likes_controller.rb:91:in `destroy'
  [1m[36mTRANSACTION (0.2ms)[0m  [1m[35mBEGIN[0m
  ↳ app/controllers/api/likes_controller.rb:99:in `destroy'
  [1m[36mLike Destroy (1.8ms)[0m  [1m[31mDELETE FROM "likes" WHERE "likes"."id" = $1[0m  [["id", 6]]
  ↳ app/controllers/api/likes_controller.rb:99:in `destroy'
  [1m[36mTRANSACTION (1.0ms)[0m  [1m[35mCOMMIT[0m
  ↳ app/controllers/api/likes_controller.rb:99:in `destroy'
Completed 500 Internal Server Error in 35ms (ActiveRecord: 3.6ms | Allocations: 5854)



NoMethodError - undefined method `is_destroyed?' for #<Like:0x00007ff4f803cec0>
Did you mean?  destroyed?:
  app/controllers/api/likes_controller.rb:101:in `destroy'

Started DELETE "/api/likes/28" for ::1 at 2023-01-06 13:56:23 -0500
Processing by Api::LikesController#destroy as */*
  Parameters: {"like_action"=>"{\"id\":28,\"recipient\":\"Serge\",\"action\":\"neutral\",\"net\":1,\"action_user\":\"Aldane\",\"target_item\":\"Review\"}", "id"=>"28"}
  [1m[36mLike Load (0.3ms)[0m  [1m[34mSELECT "likes".* FROM "likes" WHERE (likes.user= 'Aldane' AND item_type= 'Review' AND item_id = '28') LIMIT $1[0m  [["LIMIT", 1]]
  ↳ app/controllers/api/likes_controller.rb:91:in `destroy'
Completed 200 OK in 37ms (Views: 0.2ms | ActiveRecord: 0.3ms | Allocations: 1085)


Started DELETE "/api/likes/28" for ::1 at 2023-01-06 13:56:40 -0500
Processing by Api::LikesController#destroy as */*
  Parameters: {"like_action"=>"{\"id\":28,\"recipient\":\"Serge\",\"action\":\"neutral\",\"net\":1,\"action_user\":\"Aldane\",\"target_item\":\"Review\"}", "id"=>"28"}
  [1m[36mLike Load (0.5ms)[0m  [1m[34mSELECT "likes".* FROM "likes" WHERE (likes.user= 'Aldane' AND item_type= 'Review' AND item_id = '28') LIMIT $1[0m  [["LIMIT", 1]]
  ↳ app/controllers/api/likes_controller.rb:91:in `destroy'
Completed 200 OK in 3ms (Views: 0.1ms | ActiveRecord: 0.5ms | Allocations: 710)


Started DELETE "/api/likes/28" for ::1 at 2023-01-06 13:56:45 -0500
Processing by Api::LikesController#destroy as */*
  Parameters: {"like_action"=>"{\"id\":28,\"recipient\":\"Serge\",\"action\":\"neutral\",\"net\":1,\"action_user\":\"Aldane\",\"target_item\":\"Review\"}", "id"=>"28"}
  [1m[36mLike Load (0.3ms)[0m  [1m[34mSELECT "likes".* FROM "likes" WHERE (likes.user= 'Aldane' AND item_type= 'Review' AND item_id = '28') LIMIT $1[0m  [["LIMIT", 1]]
  ↳ app/controllers/api/likes_controller.rb:91:in `destroy'
Completed 200 OK in 3ms (Views: 0.1ms | ActiveRecord: 0.3ms | Allocations: 710)


Started POST "/api/likes/" for ::1 at 2023-01-06 13:57:59 -0500
Processing by Api::LikesController#create as */*
  Parameters: {"like_action"=>"{\"id\":28,\"recipient\":\"Serge\",\"action\":\"like\",\"net\":0,\"action_user\":\"Aldane\",\"target_item\":\"Review\"}"}
  [1m[36mTRANSACTION (0.2ms)[0m  [1m[35mBEGIN[0m
  ↳ app/controllers/api/likes_controller.rb:34:in `create'
  [1m[36mLike Create (0.3ms)[0m  [1m[32mINSERT INTO "likes" ("user", "item_type", "item_id", "upvote", "downvote", "created_at", "updated_at") VALUES ($1, $2, $3, $4, $5, $6, $7) RETURNING "id"[0m  [["user", "Aldane"], ["item_type", "Review"], ["item_id", 28], ["upvote", true], ["downvote", false], ["created_at", "2023-01-06 18:57:59.573707"], ["updated_at", "2023-01-06 18:57:59.573707"]]
  ↳ app/controllers/api/likes_controller.rb:34:in `create'
  [1m[36mTRANSACTION (1.2ms)[0m  [1m[35mCOMMIT[0m
  ↳ app/controllers/api/likes_controller.rb:34:in `create'
Completed 200 OK in 20ms (Views: 0.5ms | ActiveRecord: 5.3ms | Allocations: 3944)


Started DELETE "/api/likes/28" for ::1 at 2023-01-06 13:58:17 -0500
Processing by Api::LikesController#destroy as */*
  Parameters: {"like_action"=>"{\"id\":28,\"recipient\":\"Serge\",\"action\":\"neutral\",\"net\":1,\"action_user\":\"Aldane\",\"target_item\":\"Review\"}", "id"=>"28"}
  [1m[36mLike Load (0.5ms)[0m  [1m[34mSELECT "likes".* FROM "likes" WHERE (likes.user= 'Aldane' AND item_type= 'Review' AND item_id = '28') LIMIT $1[0m  [["LIMIT", 1]]
  ↳ app/controllers/api/likes_controller.rb:91:in `destroy'
  [1m[36mTRANSACTION (0.3ms)[0m  [1m[35mBEGIN[0m
  ↳ app/controllers/api/likes_controller.rb:99:in `destroy'
  [1m[36mLike Destroy (0.5ms)[0m  [1m[31mDELETE FROM "likes" WHERE "likes"."id" = $1[0m  [["id", 7]]
  ↳ app/controllers/api/likes_controller.rb:99:in `destroy'
  [1m[36mTRANSACTION (1.0ms)[0m  [1m[35mCOMMIT[0m
  ↳ app/controllers/api/likes_controller.rb:99:in `destroy'
Completed 200 OK in 13ms (Views: 0.4ms | ActiveRecord: 2.3ms | Allocations: 2103)


Started POST "/api/likes/" for ::1 at 2023-01-08 12:57:16 -0500
Processing by Api::LikesController#create as */*
  Parameters: {"like_action"=>"{\"id\":13,\"recipient\":\"David\",\"action\":\"like\",\"net\":0,\"action_user\":\"Serge\",\"target_item\":\"Review\"}"}
  [1m[36mTRANSACTION (0.2ms)[0m  [1m[35mBEGIN[0m
  ↳ app/controllers/api/likes_controller.rb:34:in `create'
  [1m[36mLike Create (5.9ms)[0m  [1m[32mINSERT INTO "likes" ("user", "item_type", "item_id", "upvote", "downvote", "created_at", "updated_at") VALUES ($1, $2, $3, $4, $5, $6, $7) RETURNING "id"[0m  [["user", "Serge"], ["item_type", "Review"], ["item_id", 13], ["upvote", true], ["downvote", false], ["created_at", "2023-01-08 17:57:16.499223"], ["updated_at", "2023-01-08 17:57:16.499223"]]
  ↳ app/controllers/api/likes_controller.rb:34:in `create'
  [1m[36mTRANSACTION (2.0ms)[0m  [1m[35mCOMMIT[0m
  ↳ app/controllers/api/likes_controller.rb:34:in `create'
Completed 200 OK in 190ms (Views: 4.9ms | ActiveRecord: 22.6ms | Allocations: 4626)


Started DELETE "/api/likes/13" for ::1 at 2023-01-08 12:59:50 -0500
Processing by Api::LikesController#destroy as */*
  Parameters: {"like_action"=>"{\"id\":13,\"recipient\":\"David\",\"action\":\"neutral\",\"net\":1,\"action_user\":\"Serge\",\"target_item\":\"Review\"}", "id"=>"13"}
  [1m[36mLike Load (2.6ms)[0m  [1m[34mSELECT "likes".* FROM "likes" WHERE (likes.user= 'Serge' AND item_type= 'Review' AND item_id = '13') LIMIT $1[0m  [["LIMIT", 1]]
  ↳ app/controllers/api/likes_controller.rb:91:in `destroy'
  [1m[36mTRANSACTION (0.4ms)[0m  [1m[35mBEGIN[0m
  ↳ app/controllers/api/likes_controller.rb:99:in `destroy'
  [1m[36mLike Destroy (0.8ms)[0m  [1m[31mDELETE FROM "likes" WHERE "likes"."id" = $1[0m  [["id", 8]]
  ↳ app/controllers/api/likes_controller.rb:99:in `destroy'
  [1m[36mTRANSACTION (1.4ms)[0m  [1m[35mCOMMIT[0m
  ↳ app/controllers/api/likes_controller.rb:99:in `destroy'
Completed 200 OK in 39ms (Views: 2.8ms | ActiveRecord: 5.2ms | Allocations: 2188)


Started POST "/api/likes/" for ::1 at 2023-01-09 10:53:02 -0500
Processing by Api::LikesController#create as */*
  Parameters: {"like_action"=>"{\"id\":7,\"recipient\":\"Jarret\",\"action\":\"like\",\"net\":0,\"action_user\":\"Serge\",\"target_item\":\"Review\"}"}
  [1m[36mTRANSACTION (0.2ms)[0m  [1m[35mBEGIN[0m
  ↳ app/controllers/api/likes_controller.rb:34:in `create'
  [1m[36mLike Create (5.8ms)[0m  [1m[32mINSERT INTO "likes" ("user", "item_type", "item_id", "upvote", "downvote", "created_at", "updated_at") VALUES ($1, $2, $3, $4, $5, $6, $7) RETURNING "id"[0m  [["user", "Serge"], ["item_type", "Review"], ["item_id", 7], ["upvote", true], ["downvote", false], ["created_at", "2023-01-09 15:53:03.250046"], ["updated_at", "2023-01-09 15:53:03.250046"]]
  ↳ app/controllers/api/likes_controller.rb:34:in `create'
  [1m[36mTRANSACTION (1.0ms)[0m  [1m[35mCOMMIT[0m
  ↳ app/controllers/api/likes_controller.rb:34:in `create'
Completed 200 OK in 189ms (Views: 7.5ms | ActiveRecord: 32.2ms | Allocations: 6808)


Started DELETE "/api/likes/7" for ::1 at 2023-01-09 10:54:47 -0500
Processing by Api::LikesController#destroy as */*
  Parameters: {"like_action"=>"{\"id\":7,\"recipient\":\"Jarret\",\"action\":\"neutral\",\"net\":1,\"action_user\":\"Serge\",\"target_item\":\"Review\"}", "id"=>"7"}
  [1m[36mLike Load (2.5ms)[0m  [1m[34mSELECT "likes".* FROM "likes" WHERE (likes.user= 'Serge' AND item_type= 'Review' AND item_id = '7') LIMIT $1[0m  [["LIMIT", 1]]
  ↳ app/controllers/api/likes_controller.rb:91:in `destroy'
  [1m[36mTRANSACTION (0.3ms)[0m  [1m[35mBEGIN[0m
  ↳ app/controllers/api/likes_controller.rb:99:in `destroy'
  [1m[36mLike Destroy (0.7ms)[0m  [1m[31mDELETE FROM "likes" WHERE "likes"."id" = $1[0m  [["id", 9]]
  ↳ app/controllers/api/likes_controller.rb:99:in `destroy'
  [1m[36mTRANSACTION (1.4ms)[0m  [1m[35mCOMMIT[0m
  ↳ app/controllers/api/likes_controller.rb:99:in `destroy'
Completed 200 OK in 36ms (Views: 0.3ms | ActiveRecord: 4.9ms | Allocations: 2202)


Started DELETE "/api/likes/7" for ::1 at 2023-01-09 10:55:38 -0500
Processing by Api::LikesController#destroy as */*
  Parameters: {"like_action"=>"{\"id\":7,\"recipient\":\"Jarret\",\"action\":\"neutral\",\"net\":1,\"action_user\":\"Serge\",\"target_item\":\"Review\"}", "id"=>"7"}
  [1m[36mLike Load (0.5ms)[0m  [1m[34mSELECT "likes".* FROM "likes" WHERE (likes.user= 'Serge' AND item_type= 'Review' AND item_id = '7') LIMIT $1[0m  [["LIMIT", 1]]
  ↳ app/controllers/api/likes_controller.rb:91:in `destroy'
Completed 200 OK in 5ms (Views: 0.1ms | ActiveRecord: 0.5ms | Allocations: 710)


Started POST "/api/likes/" for ::1 at 2023-01-09 10:56:07 -0500
Processing by Api::LikesController#create as */*
  Parameters: {"like_action"=>"{\"id\":7,\"recipient\":\"Jarret\",\"action\":\"like\",\"net\":0,\"action_user\":\"Serge\",\"target_item\":\"Review\"}"}
  [1m[36mTRANSACTION (0.8ms)[0m  [1m[35mBEGIN[0m
  ↳ app/controllers/api/likes_controller.rb:34:in `create'
  [1m[36mLike Create (0.9ms)[0m  [1m[32mINSERT INTO "likes" ("user", "item_type", "item_id", "upvote", "downvote", "created_at", "updated_at") VALUES ($1, $2, $3, $4, $5, $6, $7) RETURNING "id"[0m  [["user", "Serge"], ["item_type", "Review"], ["item_id", 7], ["upvote", true], ["downvote", false], ["created_at", "2023-01-09 15:56:07.487618"], ["updated_at", "2023-01-09 15:56:07.487618"]]
  ↳ app/controllers/api/likes_controller.rb:34:in `create'
  [1m[36mTRANSACTION (1.0ms)[0m  [1m[35mCOMMIT[0m
  ↳ app/controllers/api/likes_controller.rb:34:in `create'
Completed 200 OK in 17ms (Views: 0.3ms | ActiveRecord: 2.7ms | Allocations: 1861)


Started DELETE "/api/likes/7" for ::1 at 2023-01-09 11:26:45 -0500
Processing by Api::LikesController#destroy as */*
  Parameters: {"like_action"=>"{\"id\":7,\"recipient\":\"Jarret\",\"action\":\"neutral\",\"net\":1,\"action_user\":\"Serge\",\"target_item\":\"Review\"}", "id"=>"7"}
  [1m[36mLike Load (0.7ms)[0m  [1m[34mSELECT "likes".* FROM "likes" WHERE (likes.user= 'Serge' AND item_type= 'Review' AND item_id = '7') LIMIT $1[0m  [["LIMIT", 1]]
  ↳ app/controllers/api/likes_controller.rb:91:in `destroy'
  [1m[36mTRANSACTION (0.4ms)[0m  [1m[35mBEGIN[0m
  ↳ app/controllers/api/likes_controller.rb:99:in `destroy'
  [1m[36mLike Destroy (0.9ms)[0m  [1m[31mDELETE FROM "likes" WHERE "likes"."id" = $1[0m  [["id", 10]]
  ↳ app/controllers/api/likes_controller.rb:99:in `destroy'
  [1m[36mTRANSACTION (1.5ms)[0m  [1m[35mCOMMIT[0m
  ↳ app/controllers/api/likes_controller.rb:99:in `destroy'
Completed 200 OK in 40ms (Views: 0.8ms | ActiveRecord: 7.9ms | Allocations: 4931)


Started POST "/api/likes/" for ::1 at 2023-01-09 11:28:36 -0500
Processing by Api::LikesController#create as */*
  Parameters: {"like_action"=>"{\"id\":7,\"recipient\":\"Jarret\",\"action\":\"like\",\"net\":0,\"action_user\":\"Serge\",\"target_item\":\"Review\"}"}
  [1m[36mTRANSACTION (0.2ms)[0m  [1m[35mBEGIN[0m
  ↳ app/controllers/api/likes_controller.rb:34:in `create'
  [1m[36mLike Create (0.5ms)[0m  [1m[32mINSERT INTO "likes" ("user", "item_type", "item_id", "upvote", "downvote", "created_at", "updated_at") VALUES ($1, $2, $3, $4, $5, $6, $7) RETURNING "id"[0m  [["user", "Serge"], ["item_type", "Review"], ["item_id", 7], ["upvote", true], ["downvote", false], ["created_at", "2023-01-09 16:28:36.315099"], ["updated_at", "2023-01-09 16:28:36.315099"]]
  ↳ app/controllers/api/likes_controller.rb:34:in `create'
  [1m[36mTRANSACTION (1.5ms)[0m  [1m[35mCOMMIT[0m
  ↳ app/controllers/api/likes_controller.rb:34:in `create'
Completed 200 OK in 15ms (Views: 0.5ms | ActiveRecord: 2.2ms | Allocations: 1858)


Started DELETE "/api/likes/7" for ::1 at 2023-01-09 11:32:21 -0500
Processing by Api::LikesController#destroy as */*
  Parameters: {"like_action"=>"{\"id\":7,\"recipient\":\"Jarret\",\"action\":\"neutral\",\"net\":1,\"action_user\":\"Serge\",\"target_item\":\"Review\"}", "id"=>"7"}
  [1m[36mLike Load (0.4ms)[0m  [1m[34mSELECT "likes".* FROM "likes" WHERE (likes.user= 'Serge' AND item_type= 'Review' AND item_id = '7') LIMIT $1[0m  [["LIMIT", 1]]
  ↳ app/controllers/api/likes_controller.rb:91:in `destroy'
  [1m[36mTRANSACTION (0.2ms)[0m  [1m[35mBEGIN[0m
  ↳ app/controllers/api/likes_controller.rb:99:in `destroy'
  [1m[36mLike Destroy (1.1ms)[0m  [1m[31mDELETE FROM "likes" WHERE "likes"."id" = $1[0m  [["id", 11]]
  ↳ app/controllers/api/likes_controller.rb:99:in `destroy'
  [1m[36mTRANSACTION (1.2ms)[0m  [1m[35mCOMMIT[0m
  ↳ app/controllers/api/likes_controller.rb:99:in `destroy'
Completed 200 OK in 18ms (Views: 1.1ms | ActiveRecord: 2.8ms | Allocations: 2105)


Started POST "/api/likes/" for ::1 at 2023-01-09 11:32:42 -0500
Processing by Api::LikesController#create as */*
  Parameters: {"like_action"=>"{\"id\":7,\"recipient\":\"Jarret\",\"action\":\"like\",\"net\":0,\"action_user\":\"Serge\",\"target_item\":\"Review\"}"}
  [1m[36mTRANSACTION (0.5ms)[0m  [1m[35mBEGIN[0m
  ↳ app/controllers/api/likes_controller.rb:34:in `create'
  [1m[36mLike Create (0.5ms)[0m  [1m[32mINSERT INTO "likes" ("user", "item_type", "item_id", "upvote", "downvote", "created_at", "updated_at") VALUES ($1, $2, $3, $4, $5, $6, $7) RETURNING "id"[0m  [["user", "Serge"], ["item_type", "Review"], ["item_id", 7], ["upvote", true], ["downvote", false], ["created_at", "2023-01-09 16:32:42.243132"], ["updated_at", "2023-01-09 16:32:42.243132"]]
  ↳ app/controllers/api/likes_controller.rb:34:in `create'
  [1m[36mTRANSACTION (1.1ms)[0m  [1m[35mCOMMIT[0m
  ↳ app/controllers/api/likes_controller.rb:34:in `create'
Completed 200 OK in 17ms (Views: 0.5ms | ActiveRecord: 2.0ms | Allocations: 1861)


Started DELETE "/api/likes/7" for ::1 at 2023-01-09 11:36:48 -0500
Processing by Api::LikesController#destroy as */*
  Parameters: {"like_action"=>"{\"id\":7,\"recipient\":\"Jarret\",\"action\":\"neutral\",\"net\":1,\"action_user\":\"Serge\",\"target_item\":\"Review\"}", "id"=>"7"}
  [1m[36mLike Load (0.4ms)[0m  [1m[34mSELECT "likes".* FROM "likes" WHERE (likes.user= 'Serge' AND item_type= 'Review' AND item_id = '7') LIMIT $1[0m  [["LIMIT", 1]]
  ↳ app/controllers/api/likes_controller.rb:91:in `destroy'
  [1m[36mTRANSACTION (0.1ms)[0m  [1m[35mBEGIN[0m
  ↳ app/controllers/api/likes_controller.rb:99:in `destroy'
  [1m[36mLike Destroy (0.3ms)[0m  [1m[31mDELETE FROM "likes" WHERE "likes"."id" = $1[0m  [["id", 12]]
  ↳ app/controllers/api/likes_controller.rb:99:in `destroy'
  [1m[36mTRANSACTION (1.1ms)[0m  [1m[35mCOMMIT[0m
  ↳ app/controllers/api/likes_controller.rb:99:in `destroy'
Completed 200 OK in 19ms (Views: 0.6ms | ActiveRecord: 2.0ms | Allocations: 2105)


Started POST "/api/likes/" for ::1 at 2023-01-09 11:36:56 -0500
Processing by Api::LikesController#create as */*
  Parameters: {"like_action"=>"{\"id\":7,\"recipient\":\"Jarret\",\"action\":\"like\",\"net\":0,\"action_user\":\"Serge\",\"target_item\":\"Review\"}"}
  [1m[36mTRANSACTION (0.3ms)[0m  [1m[35mBEGIN[0m
  ↳ app/controllers/api/likes_controller.rb:34:in `create'
  [1m[36mLike Create (0.6ms)[0m  [1m[32mINSERT INTO "likes" ("user", "item_type", "item_id", "upvote", "downvote", "created_at", "updated_at") VALUES ($1, $2, $3, $4, $5, $6, $7) RETURNING "id"[0m  [["user", "Serge"], ["item_type", "Review"], ["item_id", 7], ["upvote", true], ["downvote", false], ["created_at", "2023-01-09 16:36:56.961516"], ["updated_at", "2023-01-09 16:36:56.961516"]]
  ↳ app/controllers/api/likes_controller.rb:34:in `create'
  [1m[36mTRANSACTION (1.0ms)[0m  [1m[35mCOMMIT[0m
  ↳ app/controllers/api/likes_controller.rb:34:in `create'
Completed 200 OK in 11ms (Views: 0.5ms | ActiveRecord: 1.9ms | Allocations: 1857)


Started DELETE "/api/likes/7" for ::1 at 2023-01-09 11:39:14 -0500
Processing by Api::LikesController#destroy as */*
  Parameters: {"like_action"=>"{\"id\":7,\"recipient\":\"Jarret\",\"action\":\"neutral\",\"net\":1,\"action_user\":\"Serge\",\"target_item\":\"Review\"}", "id"=>"7"}
  [1m[36mLike Load (0.5ms)[0m  [1m[34mSELECT "likes".* FROM "likes" WHERE (likes.user= 'Serge' AND item_type= 'Review' AND item_id = '7') LIMIT $1[0m  [["LIMIT", 1]]
  ↳ app/controllers/api/likes_controller.rb:91:in `destroy'
  [1m[36mTRANSACTION (0.2ms)[0m  [1m[35mBEGIN[0m
  ↳ app/controllers/api/likes_controller.rb:99:in `destroy'
  [1m[36mLike Destroy (0.4ms)[0m  [1m[31mDELETE FROM "likes" WHERE "likes"."id" = $1[0m  [["id", 13]]
  ↳ app/controllers/api/likes_controller.rb:99:in `destroy'
  [1m[36mTRANSACTION (1.4ms)[0m  [1m[35mCOMMIT[0m
  ↳ app/controllers/api/likes_controller.rb:99:in `destroy'
Completed 200 OK in 15ms (Views: 0.5ms | ActiveRecord: 2.4ms | Allocations: 2105)


Started POST "/api/likes/" for ::1 at 2023-01-09 11:39:26 -0500
Processing by Api::LikesController#create as */*
  Parameters: {"like_action"=>"{\"id\":7,\"recipient\":\"Jarret\",\"action\":\"like\",\"net\":0,\"action_user\":\"Serge\",\"target_item\":\"Review\"}"}
  [1m[36mTRANSACTION (0.1ms)[0m  [1m[35mBEGIN[0m
  ↳ app/controllers/api/likes_controller.rb:34:in `create'
  [1m[36mLike Create (0.9ms)[0m  [1m[32mINSERT INTO "likes" ("user", "item_type", "item_id", "upvote", "downvote", "created_at", "updated_at") VALUES ($1, $2, $3, $4, $5, $6, $7) RETURNING "id"[0m  [["user", "Serge"], ["item_type", "Review"], ["item_id", 7], ["upvote", true], ["downvote", false], ["created_at", "2023-01-09 16:39:26.147887"], ["updated_at", "2023-01-09 16:39:26.147887"]]
  ↳ app/controllers/api/likes_controller.rb:34:in `create'
  [1m[36mTRANSACTION (1.0ms)[0m  [1m[35mCOMMIT[0m
  ↳ app/controllers/api/likes_controller.rb:34:in `create'
Completed 200 OK in 12ms (Views: 0.3ms | ActiveRecord: 2.0ms | Allocations: 1857)


Started DELETE "/api/likes/7" for ::1 at 2023-01-09 11:40:21 -0500
Processing by Api::LikesController#destroy as */*
  Parameters: {"like_action"=>"{\"id\":7,\"recipient\":\"Jarret\",\"action\":\"neutral\",\"net\":1,\"action_user\":\"Serge\",\"target_item\":\"Review\"}", "id"=>"7"}
  [1m[36mLike Load (0.4ms)[0m  [1m[34mSELECT "likes".* FROM "likes" WHERE (likes.user= 'Serge' AND item_type= 'Review' AND item_id = '7') LIMIT $1[0m  [["LIMIT", 1]]
  ↳ app/controllers/api/likes_controller.rb:91:in `destroy'
  [1m[36mTRANSACTION (0.2ms)[0m  [1m[35mBEGIN[0m
  ↳ app/controllers/api/likes_controller.rb:99:in `destroy'
  [1m[36mLike Destroy (0.4ms)[0m  [1m[31mDELETE FROM "likes" WHERE "likes"."id" = $1[0m  [["id", 14]]
  ↳ app/controllers/api/likes_controller.rb:99:in `destroy'
  [1m[36mTRANSACTION (1.5ms)[0m  [1m[35mCOMMIT[0m
  ↳ app/controllers/api/likes_controller.rb:99:in `destroy'
Completed 200 OK in 13ms (Views: 1.1ms | ActiveRecord: 2.4ms | Allocations: 2105)


Started POST "/api/likes/" for ::1 at 2023-01-09 11:40:31 -0500
Processing by Api::LikesController#create as */*
  Parameters: {"like_action"=>"{\"id\":7,\"recipient\":\"Jarret\",\"action\":\"like\",\"net\":0,\"action_user\":\"Serge\",\"target_item\":\"Review\"}"}
  [1m[36mTRANSACTION (0.2ms)[0m  [1m[35mBEGIN[0m
  ↳ app/controllers/api/likes_controller.rb:34:in `create'
  [1m[36mLike Create (0.5ms)[0m  [1m[32mINSERT INTO "likes" ("user", "item_type", "item_id", "upvote", "downvote", "created_at", "updated_at") VALUES ($1, $2, $3, $4, $5, $6, $7) RETURNING "id"[0m  [["user", "Serge"], ["item_type", "Review"], ["item_id", 7], ["upvote", true], ["downvote", false], ["created_at", "2023-01-09 16:40:31.131171"], ["updated_at", "2023-01-09 16:40:31.131171"]]
  ↳ app/controllers/api/likes_controller.rb:34:in `create'
  [1m[36mTRANSACTION (1.3ms)[0m  [1m[35mCOMMIT[0m
  ↳ app/controllers/api/likes_controller.rb:34:in `create'
Completed 200 OK in 14ms (Views: 1.1ms | ActiveRecord: 2.0ms | Allocations: 1861)


Started POST "/api/likes/" for ::1 at 2023-01-09 11:41:00 -0500
Processing by Api::LikesController#create as */*
  Parameters: {"like_action"=>"{\"id\":7,\"recipient\":\"Jarret\",\"action\":\"like\",\"net\":0,\"action_user\":\"Serge\",\"target_item\":\"Review\"}"}
  [1m[36mTRANSACTION (0.2ms)[0m  [1m[35mBEGIN[0m
  ↳ app/controllers/api/likes_controller.rb:34:in `create'
  [1m[36mLike Create (0.5ms)[0m  [1m[32mINSERT INTO "likes" ("user", "item_type", "item_id", "upvote", "downvote", "created_at", "updated_at") VALUES ($1, $2, $3, $4, $5, $6, $7) RETURNING "id"[0m  [["user", "Serge"], ["item_type", "Review"], ["item_id", 7], ["upvote", true], ["downvote", false], ["created_at", "2023-01-09 16:41:00.439861"], ["updated_at", "2023-01-09 16:41:00.439861"]]
  ↳ app/controllers/api/likes_controller.rb:34:in `create'
  [1m[36mTRANSACTION (0.8ms)[0m  [1m[35mCOMMIT[0m
  ↳ app/controllers/api/likes_controller.rb:34:in `create'
Completed 200 OK in 12ms (Views: 0.3ms | ActiveRecord: 1.5ms | Allocations: 1857)


Started DELETE "/api/likes/7" for ::1 at 2023-01-09 11:44:06 -0500
Processing by Api::LikesController#destroy as */*
  Parameters: {"like_action"=>"{\"id\":7,\"recipient\":\"Jarret\",\"action\":\"neutral\",\"net\":1,\"action_user\":\"Serge\",\"target_item\":\"Review\"}", "id"=>"7"}
  [1m[36mLike Load (0.9ms)[0m  [1m[34mSELECT "likes".* FROM "likes" WHERE (likes.user= 'Serge' AND item_type= 'Review' AND item_id = '7') LIMIT $1[0m  [["LIMIT", 1]]
  ↳ app/controllers/api/likes_controller.rb:91:in `destroy'
  [1m[36mTRANSACTION (0.2ms)[0m  [1m[35mBEGIN[0m
  ↳ app/controllers/api/likes_controller.rb:99:in `destroy'
  [1m[36mLike Destroy (0.5ms)[0m  [1m[31mDELETE FROM "likes" WHERE "likes"."id" = $1[0m  [["id", 15]]
  ↳ app/controllers/api/likes_controller.rb:99:in `destroy'
  [1m[36mTRANSACTION (0.9ms)[0m  [1m[35mCOMMIT[0m
  ↳ app/controllers/api/likes_controller.rb:99:in `destroy'
Completed 200 OK in 15ms (Views: 0.3ms | ActiveRecord: 2.4ms | Allocations: 2105)


Started POST "/api/likes/" for ::1 at 2023-01-09 11:44:14 -0500
Processing by Api::LikesController#create as */*
  Parameters: {"like_action"=>"{\"id\":7,\"recipient\":\"Jarret\",\"action\":\"like\",\"net\":0,\"action_user\":\"Serge\",\"target_item\":\"Review\"}"}
  [1m[36mTRANSACTION (0.3ms)[0m  [1m[35mBEGIN[0m
  ↳ app/controllers/api/likes_controller.rb:34:in `create'
  [1m[36mLike Create (0.4ms)[0m  [1m[32mINSERT INTO "likes" ("user", "item_type", "item_id", "upvote", "downvote", "created_at", "updated_at") VALUES ($1, $2, $3, $4, $5, $6, $7) RETURNING "id"[0m  [["user", "Serge"], ["item_type", "Review"], ["item_id", 7], ["upvote", true], ["downvote", false], ["created_at", "2023-01-09 16:44:15.027224"], ["updated_at", "2023-01-09 16:44:15.027224"]]
  ↳ app/controllers/api/likes_controller.rb:34:in `create'
  [1m[36mTRANSACTION (0.9ms)[0m  [1m[35mCOMMIT[0m
  ↳ app/controllers/api/likes_controller.rb:34:in `create'
Completed 200 OK in 11ms (Views: 0.6ms | ActiveRecord: 1.6ms | Allocations: 1857)


Started DELETE "/api/likes/7" for ::1 at 2023-01-09 11:46:21 -0500
Processing by Api::LikesController#destroy as */*
  Parameters: {"like_action"=>"{\"id\":7,\"recipient\":\"Jarret\",\"action\":\"neutral\",\"net\":1,\"action_user\":\"Serge\",\"target_item\":\"Review\"}", "id"=>"7"}
  [1m[36mLike Load (0.4ms)[0m  [1m[34mSELECT "likes".* FROM "likes" WHERE (likes.user= 'Serge' AND item_type= 'Review' AND item_id = '7') LIMIT $1[0m  [["LIMIT", 1]]
  ↳ app/controllers/api/likes_controller.rb:91:in `destroy'
  [1m[36mTRANSACTION (0.2ms)[0m  [1m[35mBEGIN[0m
  ↳ app/controllers/api/likes_controller.rb:99:in `destroy'
  [1m[36mLike Destroy (0.7ms)[0m  [1m[31mDELETE FROM "likes" WHERE "likes"."id" = $1[0m  [["id", 16]]
  ↳ app/controllers/api/likes_controller.rb:99:in `destroy'
  [1m[36mTRANSACTION (1.3ms)[0m  [1m[35mCOMMIT[0m
  ↳ app/controllers/api/likes_controller.rb:99:in `destroy'
Completed 200 OK in 14ms (Views: 0.6ms | ActiveRecord: 2.6ms | Allocations: 2105)


Started POST "/api/likes/" for ::1 at 2023-01-09 11:46:29 -0500
Processing by Api::LikesController#create as */*
  Parameters: {"like_action"=>"{\"id\":7,\"recipient\":\"Jarret\",\"action\":\"like\",\"net\":0,\"action_user\":\"Serge\",\"target_item\":\"Review\"}"}
  [1m[36mTRANSACTION (0.4ms)[0m  [1m[35mBEGIN[0m
  ↳ app/controllers/api/likes_controller.rb:34:in `create'
  [1m[36mLike Create (0.7ms)[0m  [1m[32mINSERT INTO "likes" ("user", "item_type", "item_id", "upvote", "downvote", "created_at", "updated_at") VALUES ($1, $2, $3, $4, $5, $6, $7) RETURNING "id"[0m  [["user", "Serge"], ["item_type", "Review"], ["item_id", 7], ["upvote", true], ["downvote", false], ["created_at", "2023-01-09 16:46:30.000689"], ["updated_at", "2023-01-09 16:46:30.000689"]]
  ↳ app/controllers/api/likes_controller.rb:34:in `create'
  [1m[36mTRANSACTION (1.6ms)[0m  [1m[35mCOMMIT[0m
  ↳ app/controllers/api/likes_controller.rb:34:in `create'
Completed 200 OK in 15ms (Views: 1.3ms | ActiveRecord: 2.7ms | Allocations: 1857)


Started DELETE "/api/likes/7" for ::1 at 2023-01-09 11:47:28 -0500
Processing by Api::LikesController#destroy as */*
  Parameters: {"like_action"=>"{\"id\":7,\"recipient\":\"Jarret\",\"action\":\"neutral\",\"net\":1,\"action_user\":\"Serge\",\"target_item\":\"Review\"}", "id"=>"7"}
  [1m[36mLike Load (0.5ms)[0m  [1m[34mSELECT "likes".* FROM "likes" WHERE (likes.user= 'Serge' AND item_type= 'Review' AND item_id = '7') LIMIT $1[0m  [["LIMIT", 1]]
  ↳ app/controllers/api/likes_controller.rb:91:in `destroy'
  [1m[36mTRANSACTION (0.2ms)[0m  [1m[35mBEGIN[0m
  ↳ app/controllers/api/likes_controller.rb:99:in `destroy'
  [1m[36mLike Destroy (0.4ms)[0m  [1m[31mDELETE FROM "likes" WHERE "likes"."id" = $1[0m  [["id", 17]]
  ↳ app/controllers/api/likes_controller.rb:99:in `destroy'
  [1m[36mTRANSACTION (1.0ms)[0m  [1m[35mCOMMIT[0m
  ↳ app/controllers/api/likes_controller.rb:99:in `destroy'
Completed 200 OK in 12ms (Views: 0.3ms | ActiveRecord: 2.1ms | Allocations: 2105)


Started POST "/api/likes/" for ::1 at 2023-01-09 11:47:39 -0500
Processing by Api::LikesController#create as */*
  Parameters: {"like_action"=>"{\"id\":7,\"recipient\":\"Jarret\",\"action\":\"like\",\"net\":0,\"action_user\":\"Serge\",\"target_item\":\"Review\"}"}
  [1m[36mTRANSACTION (0.2ms)[0m  [1m[35mBEGIN[0m
  ↳ app/controllers/api/likes_controller.rb:34:in `create'
  [1m[36mLike Create (0.5ms)[0m  [1m[32mINSERT INTO "likes" ("user", "item_type", "item_id", "upvote", "downvote", "created_at", "updated_at") VALUES ($1, $2, $3, $4, $5, $6, $7) RETURNING "id"[0m  [["user", "Serge"], ["item_type", "Review"], ["item_id", 7], ["upvote", true], ["downvote", false], ["created_at", "2023-01-09 16:47:39.284375"], ["updated_at", "2023-01-09 16:47:39.284375"]]
  ↳ app/controllers/api/likes_controller.rb:34:in `create'
  [1m[36mTRANSACTION (0.9ms)[0m  [1m[35mCOMMIT[0m
  ↳ app/controllers/api/likes_controller.rb:34:in `create'
Completed 200 OK in 14ms (Views: 1.0ms | ActiveRecord: 1.5ms | Allocations: 1857)


Started POST "/api/likes/" for ::1 at 2023-01-09 11:59:22 -0500
Processing by Api::LikesController#create as */*
  Parameters: {"like_action"=>"{\"id\":7,\"recipient\":\"Jarret\",\"action\":\"like\",\"net\":0,\"action_user\":\"Aldane\",\"show\":\"Attack on Titan\",\"target_item\":\"Review\"}"}
  [1m[36mTRANSACTION (0.2ms)[0m  [1m[35mBEGIN[0m
  ↳ app/controllers/api/likes_controller.rb:34:in `create'
  [1m[36mLike Create (0.7ms)[0m  [1m[32mINSERT INTO "likes" ("user", "item_type", "item_id", "upvote", "downvote", "created_at", "updated_at") VALUES ($1, $2, $3, $4, $5, $6, $7) RETURNING "id"[0m  [["user", "Aldane"], ["item_type", "Review"], ["item_id", 7], ["upvote", true], ["downvote", false], ["created_at", "2023-01-09 16:59:22.957898"], ["updated_at", "2023-01-09 16:59:22.957898"]]
  ↳ app/controllers/api/likes_controller.rb:34:in `create'
  [1m[36mTRANSACTION (2.0ms)[0m  [1m[35mCOMMIT[0m
  ↳ app/controllers/api/likes_controller.rb:34:in `create'
Completed 200 OK in 39ms (Views: 1.2ms | ActiveRecord: 6.7ms | Allocations: 4589)


Started POST "/api/likes/" for ::1 at 2023-01-09 11:59:38 -0500
Processing by Api::LikesController#create as */*
  Parameters: {"like_action"=>"{\"id\":7,\"recipient\":\"Jarret\",\"action\":\"like\",\"net\":0,\"action_user\":\"Serge\",\"show\":\"Attack on Titan\",\"target_item\":\"Review\"}"}
  [1m[36mTRANSACTION (0.1ms)[0m  [1m[35mBEGIN[0m
  ↳ app/controllers/api/likes_controller.rb:34:in `create'
  [1m[36mLike Create (0.3ms)[0m  [1m[32mINSERT INTO "likes" ("user", "item_type", "item_id", "upvote", "downvote", "created_at", "updated_at") VALUES ($1, $2, $3, $4, $5, $6, $7) RETURNING "id"[0m  [["user", "Serge"], ["item_type", "Review"], ["item_id", 7], ["upvote", true], ["downvote", false], ["created_at", "2023-01-09 16:59:38.097524"], ["updated_at", "2023-01-09 16:59:38.097524"]]
  ↳ app/controllers/api/likes_controller.rb:34:in `create'
  [1m[36mTRANSACTION (1.3ms)[0m  [1m[35mCOMMIT[0m
  ↳ app/controllers/api/likes_controller.rb:34:in `create'
Completed 200 OK in 17ms (Views: 0.8ms | ActiveRecord: 1.7ms | Allocations: 1859)


Started POST "/api/likes/" for ::1 at 2024-10-18 19:45:57 -0400
  [1m[36mActiveRecord::SchemaMigration Pluck (2.4ms)[0m  [1m[34mSELECT "schema_migrations"."version" FROM "schema_migrations" ORDER BY "schema_migrations"."version" ASC[0m
Processing by Api::LikesController#create as */*
  Parameters: {"like_action"=>"{\"id\":22,\"recipient\":\"Aldane\",\"action\":\"like\",\"net\":0,\"action_user\":\"Aldane\",\"show\":\"Assassination Classroom\",\"target_item\":\"Review\"}"}
  [1m[36mTRANSACTION (0.2ms)[0m  [1m[35mBEGIN[0m
  ↳ app/controllers/api/likes_controller.rb:34:in `create'
  [1m[36mLike Create (4.5ms)[0m  [1m[32mINSERT INTO "likes" ("user", "item_type", "item_id", "upvote", "downvote", "created_at", "updated_at") VALUES ($1, $2, $3, $4, $5, $6, $7) RETURNING "id"[0m  [["user", "Aldane"], ["item_type", "Review"], ["item_id", 22], ["upvote", true], ["downvote", false], ["created_at", "2024-10-18 23:45:59.202896"], ["updated_at", "2024-10-18 23:45:59.202896"]]
  ↳ app/controllers/api/likes_controller.rb:34:in `create'
  [1m[36mTRANSACTION (1.5ms)[0m  [1m[35mCOMMIT[0m
  ↳ app/controllers/api/likes_controller.rb:34:in `create'
Completed 200 OK in 184ms (Views: 0.7ms | ActiveRecord: 18.1ms | Allocations: 40534)


Started POST "/api/likes/" for ::1 at 2024-10-18 19:48:45 -0400
Processing by Api::LikesController#create as */*
  Parameters: {"like_action"=>"{\"id\":22,\"recipient\":\"Aldane\",\"action\":\"like\",\"net\":0,\"action_user\":\"Aldane\",\"show\":\"Assassination Classroom\",\"target_item\":\"Review\"}"}
  [1m[36mTRANSACTION (0.5ms)[0m  [1m[35mBEGIN[0m
  ↳ app/controllers/api/likes_controller.rb:34:in `create'
  [1m[36mLike Create (1.1ms)[0m  [1m[32mINSERT INTO "likes" ("user", "item_type", "item_id", "upvote", "downvote", "created_at", "updated_at") VALUES ($1, $2, $3, $4, $5, $6, $7) RETURNING "id"[0m  [["user", "Aldane"], ["item_type", "Review"], ["item_id", 22], ["upvote", true], ["downvote", false], ["created_at", "2024-10-18 23:48:45.826160"], ["updated_at", "2024-10-18 23:48:45.826160"]]
  ↳ app/controllers/api/likes_controller.rb:34:in `create'
  [1m[36mTRANSACTION (2.5ms)[0m  [1m[35mCOMMIT[0m
  ↳ app/controllers/api/likes_controller.rb:34:in `create'
Completed 200 OK in 21ms (Views: 1.0ms | ActiveRecord: 4.1ms | Allocations: 1880)


Started POST "/api/likes/" for ::1 at 2024-10-18 19:49:19 -0400
Processing by Api::LikesController#create as */*
  Parameters: {"like_action"=>"{\"id\":22,\"recipient\":\"Aldane\",\"action\":\"like\",\"net\":0,\"action_user\":\"Aldane\",\"show\":\"Assassination Classroom\",\"target_item\":\"Review\"}"}
  [1m[36mTRANSACTION (0.3ms)[0m  [1m[35mBEGIN[0m
  ↳ app/controllers/api/likes_controller.rb:34:in `create'
  [1m[36mLike Create (1.5ms)[0m  [1m[32mINSERT INTO "likes" ("user", "item_type", "item_id", "upvote", "downvote", "created_at", "updated_at") VALUES ($1, $2, $3, $4, $5, $6, $7) RETURNING "id"[0m  [["user", "Aldane"], ["item_type", "Review"], ["item_id", 22], ["upvote", true], ["downvote", false], ["created_at", "2024-10-18 23:49:19.533166"], ["updated_at", "2024-10-18 23:49:19.533166"]]
  ↳ app/controllers/api/likes_controller.rb:34:in `create'
  [1m[36mTRANSACTION (2.9ms)[0m  [1m[35mCOMMIT[0m
  ↳ app/controllers/api/likes_controller.rb:34:in `create'
Completed 200 OK in 23ms (Views: 0.9ms | ActiveRecord: 4.6ms | Allocations: 1880)


Started DELETE "/api/likes/21" for ::1 at 2024-10-19 07:59:17 -0400
  [1m[36mActiveRecord::SchemaMigration Pluck (0.5ms)[0m  [1m[34mSELECT "schema_migrations"."version" FROM "schema_migrations" ORDER BY "schema_migrations"."version" ASC[0m
Processing by Api::LikesController#destroy as */*
  Parameters: {"like_action"=>"{\"id\":21,\"recipient\":\"Aldane\",\"action\":\"neutral\",\"net\":1,\"action_user\":\"Aldane\",\"show\":\"Jobless Reincarnation\",\"target_item\":\"Review\"}", "id"=>"21"}
  [1m[36mLike Load (1.2ms)[0m  [1m[34mSELECT "likes".* FROM "likes" WHERE (likes.user= 'Aldane' AND item_type= 'Review' AND item_id = '21') LIMIT $1[0m  [["LIMIT", 1]]
  ↳ app/controllers/api/likes_controller.rb:91:in `destroy'
Completed 200 OK in 80ms (Views: 0.2ms | ActiveRecord: 1.2ms | Allocations: 21955)


Started DELETE "/api/likes/21" for ::1 at 2024-10-19 07:59:30 -0400
Processing by Api::LikesController#destroy as */*
  Parameters: {"like_action"=>"{\"id\":21,\"recipient\":\"Aldane\",\"action\":\"neutral\",\"net\":1,\"action_user\":\"Aldane\",\"show\":\"Jobless Reincarnation\",\"target_item\":\"Review\"}", "id"=>"21"}
  [1m[36mLike Load (0.4ms)[0m  [1m[34mSELECT "likes".* FROM "likes" WHERE (likes.user= 'Aldane' AND item_type= 'Review' AND item_id = '21') LIMIT $1[0m  [["LIMIT", 1]]
  ↳ app/controllers/api/likes_controller.rb:91:in `destroy'
Completed 200 OK in 4ms (Views: 0.2ms | ActiveRecord: 0.4ms | Allocations: 730)


Started DELETE "/api/likes/21" for ::1 at 2024-10-19 08:00:46 -0400
Processing by Api::LikesController#destroy as */*
  Parameters: {"like_action"=>"{\"id\":21,\"recipient\":\"Aldane\",\"action\":\"neutral\",\"net\":1,\"action_user\":\"Aldane\",\"show\":\"Jobless Reincarnation\",\"target_item\":\"Review\"}", "id"=>"21"}
  [1m[36mLike Load (0.3ms)[0m  [1m[34mSELECT "likes".* FROM "likes" WHERE (likes.user= 'Aldane' AND item_type= 'Review' AND item_id = '21') LIMIT $1[0m  [["LIMIT", 1]]
  ↳ app/controllers/api/likes_controller.rb:91:in `destroy'
Completed 200 OK in 4ms (Views: 0.3ms | ActiveRecord: 0.3ms | Allocations: 731)


Started DELETE "/api/likes/21" for ::1 at 2024-10-19 08:01:28 -0400
Processing by Api::LikesController#destroy as */*
  Parameters: {"like_action"=>"{\"id\":21,\"recipient\":\"Aldane\",\"action\":\"neutral\",\"net\":1,\"action_user\":\"Aldane\",\"show\":\"Jobless Reincarnation\",\"target_item\":\"Review\"}", "id"=>"21"}
  [1m[36mLike Load (0.4ms)[0m  [1m[34mSELECT "likes".* FROM "likes" WHERE (likes.user= 'Aldane' AND item_type= 'Review' AND item_id = '21') LIMIT $1[0m  [["LIMIT", 1]]
  ↳ app/controllers/api/likes_controller.rb:91:in `destroy'
Completed 200 OK in 3ms (Views: 0.1ms | ActiveRecord: 0.4ms | Allocations: 730)


Started PATCH "/api/likes/21" for ::1 at 2024-10-19 08:02:07 -0400
Processing by Api::LikesController#update as */*
  Parameters: {"like_action"=>"{\"id\":21,\"recipient\":\"Aldane\",\"action\":\"like\",\"net\":-1,\"action_user\":\"Aldane\",\"show\":\"Jobless Reincarnation\",\"target_item\":\"Review\"}", "id"=>"21"}
  [1m[36mLike Load (0.3ms)[0m  [1m[34mSELECT "likes".* FROM "likes" WHERE (likes.user= 'Aldane' AND item_type= 'Review' AND item_id = '21') LIMIT $1[0m  [["LIMIT", 1]]
  ↳ app/controllers/api/likes_controller.rb:64:in `update'
Completed 200 OK in 3ms (Views: 0.3ms | ActiveRecord: 0.3ms | Allocations: 714)


Started PATCH "/api/likes/21" for ::1 at 2024-10-19 08:02:16 -0400
Processing by Api::LikesController#update as */*
  Parameters: {"like_action"=>"{\"id\":21,\"recipient\":\"Aldane\",\"action\":\"like\",\"net\":-1,\"action_user\":\"Aldane\",\"show\":\"Jobless Reincarnation\",\"target_item\":\"Review\"}", "id"=>"21"}
  [1m[36mLike Load (0.3ms)[0m  [1m[34mSELECT "likes".* FROM "likes" WHERE (likes.user= 'Aldane' AND item_type= 'Review' AND item_id = '21') LIMIT $1[0m  [["LIMIT", 1]]
  ↳ app/controllers/api/likes_controller.rb:64:in `update'
Completed 200 OK in 2ms (Views: 0.1ms | ActiveRecord: 0.3ms | Allocations: 714)


Started PATCH "/api/likes/21" for ::1 at 2024-10-19 08:02:20 -0400
Processing by Api::LikesController#update as */*
  Parameters: {"like_action"=>"{\"id\":21,\"recipient\":\"Aldane\",\"action\":\"like\",\"net\":-1,\"action_user\":\"Aldane\",\"show\":\"Jobless Reincarnation\",\"target_item\":\"Review\"}", "id"=>"21"}
  [1m[36mLike Load (0.3ms)[0m  [1m[34mSELECT "likes".* FROM "likes" WHERE (likes.user= 'Aldane' AND item_type= 'Review' AND item_id = '21') LIMIT $1[0m  [["LIMIT", 1]]
  ↳ app/controllers/api/likes_controller.rb:64:in `update'
Completed 200 OK in 2ms (Views: 0.2ms | ActiveRecord: 0.3ms | Allocations: 714)


Started PATCH "/api/likes/21" for ::1 at 2024-10-19 08:04:01 -0400
Processing by Api::LikesController#update as */*
  Parameters: {"like_action"=>"{\"id\":21,\"recipient\":\"Aldane\",\"action\":\"like\",\"net\":-1,\"action_user\":\"Aldane\",\"show\":\"Jobless Reincarnation\",\"target_item\":\"Review\"}", "id"=>"21"}
  [1m[36mLike Load (0.3ms)[0m  [1m[34mSELECT "likes".* FROM "likes" WHERE (likes.user= 'Aldane' AND item_type= 'Review' AND item_id = '21') LIMIT $1[0m  [["LIMIT", 1]]
  ↳ app/controllers/api/likes_controller.rb:64:in `update'
Completed 200 OK in 3ms (Views: 0.1ms | ActiveRecord: 0.3ms | Allocations: 732)


Started PATCH "/api/likes/21" for ::1 at 2024-10-19 08:04:15 -0400
Processing by Api::LikesController#update as */*
  Parameters: {"like_action"=>"{\"id\":21,\"recipient\":\"Aldane\",\"action\":\"like\",\"net\":-1,\"action_user\":\"Aldane\",\"show\":\"Jobless Reincarnation\",\"target_item\":\"Review\"}", "id"=>"21"}
  [1m[36mLike Load (0.5ms)[0m  [1m[34mSELECT "likes".* FROM "likes" WHERE (likes.user= 'Aldane' AND item_type= 'Review' AND item_id = '21') LIMIT $1[0m  [["LIMIT", 1]]
  ↳ app/controllers/api/likes_controller.rb:64:in `update'
Completed 200 OK in 5ms (Views: 0.2ms | ActiveRecord: 0.5ms | Allocations: 714)


Started DELETE "/api/likes/21" for ::1 at 2024-10-19 08:04:47 -0400
Processing by Api::LikesController#destroy as */*
  Parameters: {"like_action"=>"{\"id\":21,\"recipient\":\"Aldane\",\"action\":\"neutral\",\"net\":1,\"action_user\":\"Aldane\",\"show\":\"Jobless Reincarnation\",\"target_item\":\"Review\"}", "id"=>"21"}
  [1m[36mLike Load (0.5ms)[0m  [1m[34mSELECT "likes".* FROM "likes" WHERE (likes.user= 'Aldane' AND item_type= 'Review' AND item_id = '21') LIMIT $1[0m  [["LIMIT", 1]]
  ↳ app/controllers/api/likes_controller.rb:91:in `destroy'
Completed 200 OK in 4ms (Views: 0.2ms | ActiveRecord: 0.5ms | Allocations: 712)


Started DELETE "/api/likes/21" for ::1 at 2024-10-19 08:11:27 -0400
Processing by Api::LikesController#destroy as */*
  Parameters: {"like_action"=>"{\"id\":21,\"recipient\":\"Aldane\",\"action\":\"neutral\",\"net\":1,\"action_user\":\"Aldane\",\"show\":\"Jobless Reincarnation\",\"target_item\":\"Review\"}", "id"=>"21"}
  [1m[36mLike Load (0.7ms)[0m  [1m[34mSELECT "likes".* FROM "likes" WHERE (likes.user= 'Aldane' AND item_type= 'Review' AND item_id = '21') LIMIT $1[0m  [["LIMIT", 1]]
  ↳ app/controllers/api/likes_controller.rb:91:in `destroy'
Completed 200 OK in 31ms (Views: 1.5ms | ActiveRecord: 5.4ms | Allocations: 3576)


Started DELETE "/api/likes/2" for ::1 at 2024-10-19 08:21:52 -0400
Processing by Api::LikesController#destroy as */*
  Parameters: {"like_action"=>"{\"id\":2,\"recipient\":\"Jacquline Hauck V\",\"action\":\"neutral\",\"net\":1,\"action_user\":\"Aldane\",\"show\":\"Teen Titans: The Judas Contract\",\"target_item\":\"Review\"}", "id"=>"2"}
  [1m[36mLike Load (0.7ms)[0m  [1m[34mSELECT "likes".* FROM "likes" WHERE (likes.user= 'Aldane' AND item_type= 'Review' AND item_id = '2') LIMIT $1[0m  [["LIMIT", 1]]
  ↳ app/controllers/api/likes_controller.rb:91:in `destroy'
Completed 200 OK in 28ms (Views: 0.7ms | ActiveRecord: 6.5ms | Allocations: 3536)


Started POST "/api/likes/" for ::1 at 2024-10-19 08:22:31 -0400
Processing by Api::LikesController#create as */*
  Parameters: {"like_action"=>"{\"id\":2,\"recipient\":\"Jacquline Hauck V\",\"action\":\"like\",\"net\":0,\"action_user\":\"Aldane\",\"show\":\"Teen Titans: The Judas Contract\",\"target_item\":\"Review\"}"}
  [1m[36mTRANSACTION (0.3ms)[0m  [1m[35mBEGIN[0m
  ↳ app/controllers/api/likes_controller.rb:34:in `create'
  [1m[36mLike Create (2.0ms)[0m  [1m[32mINSERT INTO "likes" ("user", "item_type", "item_id", "upvote", "downvote", "created_at", "updated_at") VALUES ($1, $2, $3, $4, $5, $6, $7) RETURNING "id"[0m  [["user", "Aldane"], ["item_type", "Review"], ["item_id", 2], ["upvote", true], ["downvote", false], ["created_at", "2024-10-19 12:22:31.325827"], ["updated_at", "2024-10-19 12:22:31.325827"]]
  ↳ app/controllers/api/likes_controller.rb:34:in `create'
  [1m[36mTRANSACTION (1.8ms)[0m  [1m[35mCOMMIT[0m
  ↳ app/controllers/api/likes_controller.rb:34:in `create'
Completed 200 OK in 179ms (Views: 1.1ms | ActiveRecord: 10.5ms | Allocations: 23201)


Started POST "/api/likes/" for ::1 at 2024-10-19 08:24:41 -0400
Processing by Api::LikesController#create as */*
  Parameters: {"like_action"=>"{\"id\":2,\"recipient\":\"Jacquline Hauck V\",\"action\":\"like\",\"net\":0,\"action_user\":\"Aldane\",\"show\":\"Teen Titans: The Judas Contract\",\"target_item\":\"Review\"}"}
  [1m[36mTRANSACTION (0.4ms)[0m  [1m[35mBEGIN[0m
  ↳ app/controllers/api/likes_controller.rb:34:in `create'
  [1m[36mLike Create (0.9ms)[0m  [1m[32mINSERT INTO "likes" ("user", "item_type", "item_id", "upvote", "downvote", "created_at", "updated_at") VALUES ($1, $2, $3, $4, $5, $6, $7) RETURNING "id"[0m  [["user", "Aldane"], ["item_type", "Review"], ["item_id", 2], ["upvote", true], ["downvote", false], ["created_at", "2024-10-19 12:24:41.626683"], ["updated_at", "2024-10-19 12:24:41.626683"]]
  ↳ app/controllers/api/likes_controller.rb:34:in `create'
  [1m[36mTRANSACTION (2.7ms)[0m  [1m[35mCOMMIT[0m
  ↳ app/controllers/api/likes_controller.rb:34:in `create'
Completed 200 OK in 22ms (Views: 0.4ms | ActiveRecord: 4.0ms | Allocations: 1864)


Started DELETE "/api/likes/2" for ::1 at 2024-10-19 08:44:25 -0400
Processing by Api::LikesController#destroy as */*
  Parameters: {"like_action"=>"{\"id\":2,\"recipient\":\"Jacquline Hauck V\",\"action\":\"neutral\",\"initialLike\":1,\"action_user\":\"Aldane\",\"show\":\"Teen Titans: The Judas Contract\",\"target_item\":\"Review\"}", "id"=>"2"}
  [1m[36mLike Load (0.6ms)[0m  [1m[34mSELECT "likes".* FROM "likes" WHERE (likes.user= 'Aldane' AND item_type= 'Review' AND item_id = '2') LIMIT $1[0m  [["LIMIT", 1]]
  ↳ app/controllers/api/likes_controller.rb:91:in `destroy'
  [1m[36mTRANSACTION (0.2ms)[0m  [1m[35mBEGIN[0m
  ↳ app/controllers/api/likes_controller.rb:99:in `destroy'
  [1m[36mLike Destroy (0.5ms)[0m  [1m[31mDELETE FROM "likes" WHERE "likes"."id" = $1[0m  [["id", 25]]
  ↳ app/controllers/api/likes_controller.rb:99:in `destroy'
  [1m[36mTRANSACTION (0.7ms)[0m  [1m[35mCOMMIT[0m
  ↳ app/controllers/api/likes_controller.rb:99:in `destroy'
Completed 200 OK in 121ms (Views: 0.8ms | ActiveRecord: 6.8ms | Allocations: 9910)


Started POST "/api/likes/" for ::1 at 2024-10-19 08:47:45 -0400
Processing by Api::LikesController#create as */*
  Parameters: {"like_action"=>"{\"id\":2,\"recipient\":\"Jacquline Hauck V\",\"action\":\"like\",\"initialLike\":0,\"action_user\":\"Aldane\",\"show\":\"Teen Titans: The Judas Contract\",\"target_item\":\"Review\"}"}
  [1m[36mTRANSACTION (0.2ms)[0m  [1m[35mBEGIN[0m
  ↳ app/controllers/api/likes_controller.rb:34:in `create'
  [1m[36mLike Create (0.5ms)[0m  [1m[32mINSERT INTO "likes" ("user", "item_type", "item_id", "upvote", "downvote", "created_at", "updated_at") VALUES ($1, $2, $3, $4, $5, $6, $7) RETURNING "id"[0m  [["user", "Aldane"], ["item_type", "Review"], ["item_id", 2], ["upvote", true], ["downvote", false], ["created_at", "2024-10-19 12:47:45.726062"], ["updated_at", "2024-10-19 12:47:45.726062"]]
  ↳ app/controllers/api/likes_controller.rb:34:in `create'
  [1m[36mTRANSACTION (1.8ms)[0m  [1m[35mCOMMIT[0m
  ↳ app/controllers/api/likes_controller.rb:34:in `create'
Completed 200 OK in 78ms (Views: 0.5ms | ActiveRecord: 6.0ms | Allocations: 4436)


